#
# There is insufficient memory for the Java Runtime Environment to continue.
# Native memory allocation (mmap) failed to map 8589934592 bytes for G1 virtual space
# Possible reasons:
#   The system is out of physical RAM or swap space
#   The process is running with CompressedOops enabled, and the Java Heap may be blocking the growth of the native heap
# Possible solutions:
#   Reduce memory load on the system
#   Increase physical memory or swap space
#   Check if swap backing store is full
#   Decrease Java heap size (-Xmx/-Xms)
#   Decrease number of Java threads
#   Decrease Java thread stack sizes (-Xss)
#   Set larger code cache with -XX:ReservedCodeCacheSize=
#   JVM is running with Zero Based Compressed Oops mode in which the Java heap is
#     placed in the first 32GB address space. The Java Heap base address is the
#     maximum limit for the native heap growth. Please use -XX:HeapBaseMinAddress
#     to set the Java Heap base and to place the Java Heap above 32GB virtual address.
# This output file may be truncated or incomplete.
#
#  Out of Memory Error (os_windows.cpp:3603), pid=15648, tid=20168
#
# JRE version:  (21.0.6+8) (build )
# Java VM: Java HotSpot(TM) 64-Bit Server VM (21.0.6+8-LTS-188, mixed mode, sharing, tiered, compressed oops, compressed class ptrs, g1 gc, windows-amd64)
# No core dump will be written. Minidumps are not enabled by default on client versions of Windows
#

---------------  S U M M A R Y ------------

Command Line: -Xms8G -Xmx8G spigot.jar

Host: Intel(R) Core(TM) i5-6500 CPU @ 3.20GHz, 4 cores, 15G,  Windows 10 , 64 bit Build 19041 (10.0.19041.5915)
Time: Fri Jul 11 17:32:58 2025  Windows 10 , 64 bit Build 19041 (10.0.19041.5915) elapsed time: 0.571775 seconds (0d 0h 0m 0s)

---------------  T H R E A D  ---------------

Current thread (0x000001708ca1d5c0):  JavaThread "Unknown thread" [_thread_in_vm, id=20168, stack(0x0000000d53800000,0x0000000d53900000) (1024K)]

Stack: [0x0000000d53800000,0x0000000d53900000]
Native frames: (J=compiled Java code, j=interpreted, Vv=VM code, C=native code)
V  [jvm.dll+0x6ca6d9]
V  [jvm.dll+0x854f51]
V  [jvm.dll+0x85747e]
V  [jvm.dll+0x857b53]
V  [jvm.dll+0x27dcc6]
V  [jvm.dll+0x6c6e55]
V  [jvm.dll+0x6bb9da]
V  [jvm.dll+0x35393a]
V  [jvm.dll+0x35b596]
V  [jvm.dll+0x3adefe]
V  [jvm.dll+0x3ae1a8]
V  [jvm.dll+0x327cbc]
V  [jvm.dll+0x32881b]
V  [jvm.dll+0x81e309]
V  [jvm.dll+0x3babe1]
V  [jvm.dll+0x807658]
V  [jvm.dll+0x44fdae]
V  [jvm.dll+0x4519a1]
C  [jli.dll+0x52a3]
C  [ucrtbase.dll+0x21bb2]
C  [KERNEL32.DLL+0x17374]
C  [ntdll.dll+0x4cc91]


---------------  P R O C E S S  ---------------

Threads class SMR info:
_java_thread_list=0x00007fff6f72cc08, length=0, elements={
}

Java Threads: ( => current thread )
Total: 0

Other Threads:
  0x000001708cabf0b0 WorkerThread "GC Thread#0"                     [id=11772, stack(0x0000000d53900000,0x0000000d53a00000) (1024K)]
  0x000001708cad23c0 ConcurrentGCThread "G1 Main Marker"            [id=3080, stack(0x0000000d53a00000,0x0000000d53b00000) (1024K)]
  0x000001708cad3790 WorkerThread "G1 Conc#0"                       [id=7904, stack(0x0000000d53b00000,0x0000000d53c00000) (1024K)]

[error occurred during error reporting (printing all threads), id 0xc0000005, EXCEPTION_ACCESS_VIOLATION (0xc0000005) at pc=0x00007fff6ee9a427]
VM state: not at safepoint (not fully initialized)

VM Mutex/Monitor currently owned by a thread:  ([mutex/lock_event])
[0x00007fff6f79df98] Heap_lock - owner thread: 0x000001708ca1d5c0

Heap address: 0x0000000600000000, size: 8192 MB, Compressed Oops mode: Zero based, Oop shift amount: 3

CDS archive(s) mapped at: [0x0000000000000000-0x0000000000000000-0x0000000000000000), size 0, SharedBaseAddress: 0x0000000800000000, ArchiveRelocationMode: 1.
Narrow klass base: 0x0000000000000000, Narrow klass shift: 0, Narrow klass range: 0x0

GC Precious Log:
 CardTable entry size: 512
 Card Set container configuration: InlinePtr #cards 4 size 8 Array Of Cards #cards 32 size 80 Howl #buckets 8 coarsen threshold 7372 Howl Bitmap #cards 1024 size 144 coarsen threshold 921 Card regions per heap region 1 cards per card region 8192

Heap:
 garbage-first heap   total 0K, used 0K [0x0000000600000000, 0x0000000800000000)
  region size 4096K, 0 young (0K), 0 survivors (0K)

[error occurred during error reporting (printing heap information), id 0xc0000005, EXCEPTION_ACCESS_VIOLATION (0xc0000005) at pc=0x00007fff6f2836a9]
GC Heap History (0 events):
No events

Dll operation events (1 events):
Event: 0.008 Loaded shared library C:\Program Files\Java\jdk-21\bin\java.dll

Deoptimization events (0 events):
No events

Classes loaded (0 events):
No events

Classes unloaded (0 events):
No events

Classes redefined (0 events):
No events

Internal exceptions (0 events):
No events

ZGC Phase Switch (0 events):
No events

VM Operations (0 events):
No events

Events (0 events):
No events


Dynamic libraries:
0x00007ff664e50000 - 0x00007ff664e60000 	C:\Program Files\Java\jdk-21\bin\java.exe
0x00007fffc3d10000 - 0x00007fffc3f08000 	C:\WINDOWS\SYSTEM32\ntdll.dll
0x00007fffc29e0000 - 0x00007fffc2aa2000 	C:\WINDOWS\System32\KERNEL32.DLL
0x00007fffc1690000 - 0x00007fffc1986000 	C:\WINDOWS\System32\KERNELBASE.dll
0x00007fffc13a0000 - 0x00007fffc14a0000 	C:\WINDOWS\System32\ucrtbase.dll
0x00007fffafce0000 - 0x00007fffafcf9000 	C:\Program Files\Java\jdk-21\bin\jli.dll
0x00007fffc3140000 - 0x00007fffc31f1000 	C:\WINDOWS\System32\ADVAPI32.dll
0x00007fffc2930000 - 0x00007fffc29ce000 	C:\WINDOWS\System32\msvcrt.dll
0x00007fffae0b0000 - 0x00007fffae0cb000 	C:\Program Files\Java\jdk-21\bin\VCRUNTIME140.dll
0x00007fffc30a0000 - 0x00007fffc313f000 	C:\WINDOWS\System32\sechost.dll
0x00007fffc37d0000 - 0x00007fffc38f3000 	C:\WINDOWS\System32\RPCRT4.dll
0x00007fffc1be0000 - 0x00007fffc1c07000 	C:\WINDOWS\System32\bcrypt.dll
0x00007fffc2bf0000 - 0x00007fffc2d8d000 	C:\WINDOWS\System32\USER32.dll
0x00007fffc1660000 - 0x00007fffc1682000 	C:\WINDOWS\System32\win32u.dll
0x00007fffc36b0000 - 0x00007fffc36db000 	C:\WINDOWS\System32\GDI32.dll
0x00007fffaf770000 - 0x00007fffafa0a000 	C:\WINDOWS\WinSxS\amd64_microsoft.windows.common-controls_6595b64144ccf1df_6.0.19041.5915_none_60b4b9d171f9c7c7\COMCTL32.dll
0x00007fffc1c10000 - 0x00007fffc1d29000 	C:\WINDOWS\System32\gdi32full.dll
0x00007fffc1990000 - 0x00007fffc1a2d000 	C:\WINDOWS\System32\msvcp_win.dll
0x00007fffbcc20000 - 0x00007fffbcc2a000 	C:\WINDOWS\SYSTEM32\VERSION.dll
0x00007fffc2ab0000 - 0x00007fffc2adf000 	C:\WINDOWS\System32\IMM32.DLL
0x00007fffb6590000 - 0x00007fffb659c000 	C:\Program Files\Java\jdk-21\bin\vcruntime140_1.dll
0x00007fff932d0000 - 0x00007fff9335e000 	C:\Program Files\Java\jdk-21\bin\msvcp140.dll
0x00007fff6eb60000 - 0x00007fff6f87a000 	C:\Program Files\Java\jdk-21\bin\server\jvm.dll
0x00007fffc3640000 - 0x00007fffc36ab000 	C:\WINDOWS\System32\WS2_32.dll
0x00007fffc08e0000 - 0x00007fffc092b000 	C:\WINDOWS\SYSTEM32\POWRPROF.dll
0x00007fffb4280000 - 0x00007fffb42a7000 	C:\WINDOWS\SYSTEM32\WINMM.dll
0x00007fffc07a0000 - 0x00007fffc07b2000 	C:\WINDOWS\SYSTEM32\UMPDC.dll
0x00007fffbf240000 - 0x00007fffbf252000 	C:\WINDOWS\SYSTEM32\kernel.appcore.dll
0x00007fffb62c0000 - 0x00007fffb62ca000 	C:\Program Files\Java\jdk-21\bin\jimage.dll
0x00007fffb8a20000 - 0x00007fffb8c21000 	C:\WINDOWS\SYSTEM32\DBGHELP.DLL
0x00007fffb87d0000 - 0x00007fffb8804000 	C:\WINDOWS\SYSTEM32\dbgcore.DLL
0x00007fffc15d0000 - 0x00007fffc1652000 	C:\WINDOWS\System32\bcryptPrimitives.dll
0x00007fffa6830000 - 0x00007fffa684f000 	C:\Program Files\Java\jdk-21\bin\java.dll

dbghelp: loaded successfully - version: 4.0.5 - missing functions: none
symbol engine: initialized successfully - sym options: 0x614 - pdb path: .;C:\Program Files\Java\jdk-21\bin;C:\WINDOWS\SYSTEM32;C:\WINDOWS\WinSxS\amd64_microsoft.windows.common-controls_6595b64144ccf1df_6.0.19041.5915_none_60b4b9d171f9c7c7;C:\Program Files\Java\jdk-21\bin\server

VM Arguments:
jvm_args: -Xms8G -Xmx8G 
java_command: spigot.jar
java_class_path (initial): spigot.jar
Launcher Type: SUN_STANDARD

[Global flags]
     intx CICompilerCount                          = 3                                         {product} {ergonomic}
     uint ConcGCThreads                            = 1                                         {product} {ergonomic}
     uint G1ConcRefinementThreads                  = 4                                         {product} {ergonomic}
   size_t G1HeapRegionSize                         = 4194304                                   {product} {ergonomic}
    uintx GCDrainStackTargetSize                   = 64                                        {product} {ergonomic}
   size_t InitialHeapSize                          = 8589934592                                {product} {command line}
   size_t MarkStackSize                            = 4194304                                   {product} {ergonomic}
   size_t MaxHeapSize                              = 8589934592                                {product} {command line}
   size_t MinHeapDeltaBytes                        = 4194304                                   {product} {ergonomic}
   size_t MinHeapSize                              = 8589934592                                {product} {command line}
    uintx NonNMethodCodeHeapSize                   = 5832780                                {pd product} {ergonomic}
    uintx NonProfiledCodeHeapSize                  = 122912730                              {pd product} {ergonomic}
    uintx ProfiledCodeHeapSize                     = 122912730                              {pd product} {ergonomic}
    uintx ReservedCodeCacheSize                    = 251658240                              {pd product} {ergonomic}
     bool SegmentedCodeCache                       = true                                      {product} {ergonomic}
   size_t SoftMaxHeapSize                          = 8589934592                             {manageable} {ergonomic}
     bool UseCompressedOops                        = true                           {product lp64_product} {ergonomic}
     bool UseG1GC                                  = true                                      {product} {ergonomic}
     bool UseLargePagesIndividualAllocation        = false                                  {pd product} {ergonomic}

Logging:
Log output configuration:
 #0: stdout all=warning uptime,level,tags foldmultilines=false
 #1: stderr all=off uptime,level,tags foldmultilines=false

Environment Variables:
JAVA_HOME=C:\Program Files\Java\jdk-21
CLASSPATH=C:\Program Files\Java\jdk-21\lib
PATH=C:\Program Files\Java\jdk-21\bin;C:\Program Files\Common Files\Oracle\Java\javapath;C:\Program Files (x86)\Common Files\Oracle\Java\java8path;C:\Program Files (x86)\Common Files\Oracle\Java\javapath;C:\Program Files\Python310\Scripts\;C:\Program Files\Python310\;C:\WINDOWS\system32;C:\WINDOWS;C:\WINDOWS\System32\Wbem;C:\WINDOWS\System32\WindowsPowerShell\v1.0\;C:\WINDOWS\System32\OpenSSH\;C:\Program Files\Git\cmd;C:\Program Files (x86)\NVIDIA Corporation\PhysX\Common;C:\Program Files\dotnet\;C:\Program Files (x86)\Windows Kits\10\Windows Performance Toolkit\;C:\Program Files\NVIDIA Corporation\NVIDIA app\NvDLISR;C:\Program Files\MySQL\MySQL Shell 8.0\bin\;C:\Users\21kim\AppData\Local\Microsoft\WindowsApps;C:\Users\21kim\AppData\Local\Programs\Microsoft VS Code\bin;C:\Program Files\Bandizip\;C:\Users\21kim\AppData\Local\GitHubDesktop\bin;C:\Program Files\JetBrains\IntelliJ IDEA Community Edition 2024.2.1\bin;;C:\Program Files\Java\jdk-21\bin;;C:\Users\21kim\AppData\Local\SOOP
USERNAME=21kim
OS=Windows_NT
PROCESSOR_IDENTIFIER=Intel64 Family 6 Model 94 Stepping 3, GenuineIntel
TMP=C:\Users\21kim\AppData\Local\Temp
TEMP=C:\Users\21kim\AppData\Local\Temp




Periodic native trim disabled

---------------  S Y S T E M  ---------------

OS:
 Windows 10 , 64 bit Build 19041 (10.0.19041.5915)
OS uptime: 1 days 18:38 hours

CPU: total 4 (initial active 4) (4 cores per cpu, 1 threads per core) family 6 model 94 stepping 3 microcode 0xcc, cx8, cmov, fxsr, mmx, 3dnowpref, sse, sse2, sse3, ssse3, sse4.1, sse4.2, popcnt, lzcnt, tsc, tscinvbit, avx, avx2, aes, erms, clmul, bmi1, bmi2, rtm, adx, fma, vzeroupper, clflush, clflushopt, rdtscp, f16c
Processor Information for all 4 processors :
  Max Mhz: 3201, Current Mhz: 3201, Mhz Limit: 3201

Memory: 4k page, system-wide physical 16316M (1864M free)
TotalPageFile size 26217M (AvailPageFile size 7730M)
current process WorkingSet (physical memory assigned to process): 10M, peak: 10M
current process commit charge ("private bytes"): 52M, peak: 8244M

vm_info: Java HotSpot(TM) 64-Bit Server VM (21.0.6+8-LTS-188) for windows-amd64 JRE (21.0.6+8-LTS-188), built on 2024-12-03T10:50:54Z by "mach5one" with MS VC++ 17.6 (VS2022)

END.
